
=== Sat Mar 15 10:56:56 2025

Packages were changed.
Update Mode: updateDependencies

The following packages were added:
  com.unity.2d.sprite@1.0.0
  com.unity.2d.tilemap@1.0.0
  com.unity.ide.rider@3.0.31
  com.unity.ide.visualstudio@2.0.22
  com.unity.modules.androidjni@1.0.0
  com.unity.test-framework@1.4.6
  com.unity.ugui@2.0.0
  com.unity.ai.navigation@2.0.6
  com.unity.modules.accessibility@1.0.0
  com.unity.multiplayer.center@1.0.0
The following packages were updated:
  com.unity.ads from version 2.0.8 to 4.4.2
  com.unity.analytics from version 3.3.2 to 3.8.1
  com.unity.cinemachine from version 2.3.4 to 2.10.3
  com.unity.collab-proxy from version 1.2.16 to 2.7.1
  com.unity.postprocessing from version 2.1.7 to 3.4.0
  com.unity.purchasing from version 2.0.6 to 4.12.2
  com.unity.timeline from version 1.0.0 to 1.8.7
The following packages were removed:
  com.unity.package-manager-ui@2.1.2
  com.unity.textmeshpro@2.0.1
